<?xml version="1.0" encoding="UTF-8"?>
<!-- Generated by org.testng.reporters.JUnitReportReporter -->
<testsuite skipped="1" hostname="Nagasris-MacBook-Air.local" name="clinics_FP.Post_New_Photo" tests="1" failures="0" timestamp="2022-02-17T17:04:37 IST" time="0.000" errors="0">
  <testcase name="testApp" time="0.000" classname="clinics_FP.Post_New_Photo">
    <skipped/>
  </testcase> <!-- testApp -->
  <system-out/>
</testsuite> <!-- clinics_FP.Post_New_Photo -->
