<?xml version="1.0" encoding="UTF-8"?>
<!-- Generated by org.testng.reporters.JUnitReportReporter -->
<testsuite skipped="0" hostname="Nagasris-MacBook-Air.local" name="clinics_FP.Addpatienttestimonial" tests="1" failures="0" timestamp="2022-02-22T16:15:35 IST" time="40.318" errors="0">
  <testcase name="testApp" time="40.318" classname="clinics_FP.Addpatienttestimonial"/>
  <system-out/>
</testsuite> <!-- clinics_FP.Addpatienttestimonial -->
