<?xml version="1.0" encoding="UTF-8"?>
<!-- Generated by org.testng.reporters.JUnitReportReporter -->
<testsuite hostname="DESKTOP-95T42JG" failures="0" tests="1" name="com.nf.mobile.web.hybrid.resources.Delete_Photo" time="33.806" errors="0" timestamp="2022-02-14T11:17:27 IST" skipped="0">
  <testcase classname="com.nf.mobile.web.hybrid.resources.Delete_Photo" name="testApp" time="33.806"/>
  <system-out/>
</testsuite> <!-- com.nf.mobile.web.hybrid.resources.Delete_Photo -->
