<?xml version="1.0" encoding="UTF-8"?>
<!-- Generated by org.testng.reporters.JUnitReportReporter -->
<testsuite hostname="DESKTOP-B8NM91O" failures="0" tests="2" name="com.nf.mobile.web.hybrid.resources.Readymade_Catalog" time="89.423" errors="0" timestamp="2022-01-06T15:48:55 IST" skipped="1">
  <testcase classname="com.nf.mobile.web.hybrid.resources.Readymade_Catalog" name="testApp" time="0.001">
    <skipped/>
  </testcase> <!-- testApp -->
  <system-out/>
  <testcase classname="com.nf.mobile.web.hybrid.resources.Readymade_Catalog" name="testApp" time="89.422"/>
  <system-out/>
</testsuite> <!-- com.nf.mobile.web.hybrid.resources.Readymade_Catalog -->
