<?xml version="1.0" encoding="UTF-8"?>
<!-- Generated by org.testng.reporters.JUnitReportReporter -->
<testsuite hostname="DESKTOP-B8NM91O" failures="0" tests="1" name="com.nf.mobile.web.hybrid.resources.Setup_Payments" time="43.123" errors="0" timestamp="2022-01-06T15:48:55 IST" skipped="0">
  <testcase classname="com.nf.mobile.web.hybrid.resources.Setup_Payments" name="testApp" time="43.123"/>
  <system-out/>
</testsuite> <!-- com.nf.mobile.web.hybrid.resources.Setup_Payments -->
