<?xml version="1.0" encoding="UTF-8"?>
<!-- Generated by org.testng.reporters.JUnitReportReporter -->
<testsuite hostname="DESKTOP-B8NM91O" failures="0" tests="3" name="com.nf.mobile.web.hybrid.resources.Registration" time="172.431" errors="0" timestamp="2022-01-06T15:48:55 IST" skipped="2">
  <testcase classname="com.nf.mobile.web.hybrid.resources.Registration" name="testApp" time="0.001">
    <skipped/>
  </testcase> <!-- testApp -->
  <system-out/>
  <testcase classname="com.nf.mobile.web.hybrid.resources.Registration" name="testApp" time="171.555"/>
  <system-out/>
  <testcase classname="com.nf.mobile.web.hybrid.resources.Registration" name="testApp" time="0.875">
    <skipped/>
  </testcase> <!-- testApp -->
  <system-out/>
</testsuite> <!-- com.nf.mobile.web.hybrid.resources.Registration -->
