<?xml version="1.0" encoding="UTF-8"?>
<!-- Generated by org.testng.reporters.JUnitReportReporter -->
<testsuite hostname="DESKTOP-95T42JG" failures="0" tests="1" name="com.nf.mobile.web.hybrid.resources.Redirect_to_website" time="47.186" errors="0" timestamp="2022-02-02T16:34:54 IST" skipped="0">
  <testcase classname="com.nf.mobile.web.hybrid.resources.Redirect_to_website" name="testApp" time="47.186"/>
  <system-out/>
</testsuite> <!-- com.nf.mobile.web.hybrid.resources.Redirect_to_website -->
