<?xml version="1.0" encoding="UTF-8"?>
<!-- Generated by org.testng.reporters.JUnitReportReporter -->
<testsuite hostname="DESKTOP-B8NM91O" failures="0" tests="1" name="com.nf.mobile.web.hybrid.resources.ShopBills_ByScanningProduct" time="92.322" errors="0" timestamp="2022-01-06T15:48:55 IST" skipped="0">
  <testcase classname="com.nf.mobile.web.hybrid.resources.ShopBills_ByScanningProduct" name="testApp" time="92.322"/>
  <system-out/>
</testsuite> <!-- com.nf.mobile.web.hybrid.resources.ShopBills_ByScanningProduct -->
