<?xml version="1.0" encoding="UTF-8"?>
<!-- Generated by org.testng.reporters.JUnitReportReporter -->
<testsuite hostname="DESKTOP-95T42JG" failures="0" tests="1" name="com.nf.mobile.web.hybrid.resources.Addpatienttestimonial" time="36.183" errors="0" timestamp="2022-01-24T18:34:10 IST" skipped="0">
  <testcase classname="com.nf.mobile.web.hybrid.resources.Addpatienttestimonial" name="testApp" time="36.183"/>
  <system-out/>
</testsuite> <!-- com.nf.mobile.web.hybrid.resources.Addpatienttestimonial -->
