<?xml version="1.0" encoding="UTF-8"?>
<!-- Generated by org.testng.reporters.JUnitReportReporter -->
<testsuite hostname="DESKTOP-95T42JG" failures="0" tests="1" name="clinics_FP.Delete_Photo" time="29.721" errors="0" timestamp="2022-02-14T19:40:05 IST" skipped="0">
  <testcase classname="clinics_FP.Delete_Photo" name="testApp" time="29.721"/>
  <system-out/>
</testsuite> <!-- clinics_FP.Delete_Photo -->
