<?xml version="1.0" encoding="UTF-8"?>
<!-- Generated by org.testng.reporters.JUnitReportReporter -->
<testsuite hostname="DESKTOP-95T42JG" failures="0" tests="1" name="com.nf.mobile.web.hybrid.resources.Post_today_update" time="25.211" errors="0" timestamp="2022-01-17T11:35:18 IST" skipped="0">
  <testcase classname="com.nf.mobile.web.hybrid.resources.Post_today_update" name="testApp" time="25.211"/>
  <system-out/>
</testsuite> <!-- com.nf.mobile.web.hybrid.resources.Post_today_update -->
