<?xml version="1.0" encoding="UTF-8"?>
<!-- Generated by org.testng.reporters.JUnitReportReporter -->
<testsuite hostname="DESKTOP-95T42JG" failures="0" tests="1" name="doctors_FP.Delete_Photo" time="30.805" errors="0" timestamp="2022-02-17T10:30:20 IST" skipped="0">
  <testcase classname="doctors_FP.Delete_Photo" name="testApp" time="30.805"/>
  <system-out/>
</testsuite> <!-- doctors_FP.Delete_Photo -->
