<?xml version="1.0" encoding="UTF-8"?>
<!-- Generated by org.testng.reporters.JUnitReportReporter -->
<testsuite hostname="DESKTOP-95T42JG" failures="0" tests="1" name="doctors_FP.Post_today_update" time="26.211" errors="0" timestamp="2022-02-17T10:33:35 IST" skipped="0">
  <testcase classname="doctors_FP.Post_today_update" name="testApp" time="26.211"/>
  <system-out/>
</testsuite> <!-- doctors_FP.Post_today_update -->
