<?xml version="1.0" encoding="UTF-8"?>
<!-- Generated by org.testng.reporters.JUnitReportReporter -->
<testsuite hostname="AnkitaChouhan" failures="0" tests="1" name="doctors_FP.Post_today_update" time="36.893" errors="0" timestamp="2022-06-15T16:21:15 IST" skipped="0">
  <testcase classname="doctors_FP.Post_today_update" name="testApp" time="36.893"/>
  <system-out/>
</testsuite> <!-- doctors_FP.Post_today_update -->
