<?xml version="1.0" encoding="UTF-8"?>
<!-- Generated by org.testng.reporters.JUnitReportReporter -->
<testsuite hostname="DESKTOP-95T42JG" failures="0" tests="1" name="doctors_FP.Logout" time="23.120" errors="0" timestamp="2022-02-21T19:44:27 IST" skipped="0">
  <testcase classname="doctors_FP.Logout" name="testApp" time="23.120"/>
  <system-out/>
</testsuite> <!-- doctors_FP.Logout -->
