<?xml version="1.0" encoding="UTF-8"?>
<!-- Generated by org.testng.reporters.JUnitReportReporter -->
<testsuite hostname="DESKTOP-95T42JG" failures="0" tests="1" name="doctors_FP.patientmessageCustomer" time="22.819" errors="0" timestamp="2022-02-28T19:27:18 IST" skipped="0">
  <testcase classname="doctors_FP.patientmessageCustomer" name="testApp" time="22.819"/>
  <system-out/>
</testsuite> <!-- doctors_FP.patientmessageCustomer -->
