<?xml version="1.0" encoding="UTF-8"?>
<!-- Generated by org.testng.reporters.JUnitReportReporter -->
<testsuite hostname="DESKTOP-95T42JG" failures="0" tests="1" name="clinics_FP.Post_New_Photo" time="25.542" errors="0" timestamp="2022-02-28T11:18:23 IST" skipped="0">
  <testcase classname="clinics_FP.Post_New_Photo" name="testApp" time="25.542"/>
  <system-out/>
</testsuite> <!-- clinics_FP.Post_New_Photo -->
