<?xml version="1.0" encoding="UTF-8"?>
<!-- Generated by org.testng.reporters.JUnitReportReporter -->
<testsuite hostname="AnkitaChouhan" failures="0" tests="1" name="doctors_FP.Service_catalouge_website" time="49.770" errors="0" timestamp="2022-03-08T11:50:23 IST" skipped="0">
  <testcase classname="doctors_FP.Service_catalouge_website" name="testApp" time="49.770"/>
  <system-out/>
</testsuite> <!-- doctors_FP.Service_catalouge_website -->
