<?xml version="1.0" encoding="UTF-8"?>
<!-- Generated by org.testng.reporters.JUnitReportReporter -->
<testsuite hostname="AnkitaChouhan" failures="0" tests="1" name="doctors_FP.Doctor_List_website" time="60.042" errors="0" timestamp="2022-03-08T11:38:41 IST" skipped="0">
  <testcase classname="doctors_FP.Doctor_List_website" name="testApp" time="60.042"/>
  <system-out/>
</testsuite> <!-- doctors_FP.Doctor_List_website -->
