<?xml version="1.0" encoding="UTF-8"?>
<!-- Generated by org.testng.reporters.JUnitReportReporter -->
<testsuite hostname="DESKTOP-B8NM91O" failures="0" tests="1" name="com.nf.mobile.web.hybrid.resources.Add_Product_By_Barcode_scanning" time="39.573" errors="0" timestamp="2022-01-06T15:48:55 IST" skipped="0">
  <testcase classname="com.nf.mobile.web.hybrid.resources.Add_Product_By_Barcode_scanning" name="testApp" time="39.573"/>
  <system-out/>
</testsuite> <!-- com.nf.mobile.web.hybrid.resources.Add_Product_By_Barcode_scanning -->
