<?xml version="1.0" encoding="UTF-8"?>
<!-- Generated by org.testng.reporters.JUnitReportReporter -->
<testsuite hostname="DESKTOP-95T42JG" failures="0" tests="1" name="doctors_FP.Login" time="34.027" errors="0" timestamp="2022-02-17T10:27:25 IST" skipped="0">
  <testcase classname="doctors_FP.Login" name="testApp" time="34.027"/>
  <system-out/>
</testsuite> <!-- doctors_FP.Login -->
