<?xml version="1.0" encoding="UTF-8"?>
<!-- Generated by org.testng.reporters.JUnitReportReporter -->
<testsuite hostname="DESKTOP-95T42JG" failures="0" tests="1" name="education_FP.Post_New_Photo" time="32.269" errors="0" timestamp="2022-02-17T17:28:11 IST" skipped="0">
  <testcase classname="education_FP.Post_New_Photo" name="testApp" time="32.269"/>
  <system-out/>
</testsuite> <!-- education_FP.Post_New_Photo -->
