<?xml version="1.0" encoding="UTF-8"?>
<!-- Generated by org.testng.reporters.JUnitReportReporter -->
<testsuite hostname="DESKTOP-95T42JG" failures="0" tests="1" name="doctors_FP.UniqueVisit" time="33.016" errors="0" timestamp="2022-02-28T19:53:49 IST" skipped="0">
  <testcase classname="doctors_FP.UniqueVisit" name="testApp" time="33.016"/>
  <system-out/>
</testsuite> <!-- doctors_FP.UniqueVisit -->
