<?xml version="1.0" encoding="UTF-8"?>
<!-- Generated by org.testng.reporters.JUnitReportReporter -->
<testsuite hostname="DESKTOP-95T42JG" failures="0" tests="1" name="doctors_FP.TrackedcallsBusinessReport" time="24.589" errors="0" timestamp="2022-02-28T19:32:10 IST" skipped="0">
  <testcase classname="doctors_FP.TrackedcallsBusinessReport" name="testApp" time="24.589"/>
  <system-out/>
</testsuite> <!-- doctors_FP.TrackedcallsBusinessReport -->
