<?xml version="1.0" encoding="UTF-8"?>
<!-- Generated by org.testng.reporters.JUnitReportReporter -->
<testsuite hostname="DESKTOP-95T42JG" failures="0" tests="1" name="education_FP.Delete_Photo" time="25.464" errors="0" timestamp="2022-02-21T14:35:58 IST" skipped="0">
  <testcase classname="education_FP.Delete_Photo" name="testApp" time="25.464"/>
  <system-out/>
</testsuite> <!-- education_FP.Delete_Photo -->
