<?xml version="1.0" encoding="UTF-8"?>
<!-- Generated by org.testng.reporters.JUnitReportReporter -->
<testsuite hostname="DESKTOP-95T42JG" failures="0" tests="1" name="doctors_FP.Addpatienttestimonial" time="39.208" errors="0" timestamp="2022-02-17T10:46:51 IST" skipped="0">
  <testcase classname="doctors_FP.Addpatienttestimonial" name="testApp" time="39.208"/>
  <system-out/>
</testsuite> <!-- doctors_FP.Addpatienttestimonial -->
