<?xml version="1.0" encoding="UTF-8"?>
<!-- Generated by org.testng.reporters.JUnitReportReporter -->
<testsuite hostname="DESKTOP-95T42JG" failures="0" tests="1" name="doctors_FP.Add_ons" time="25.127" errors="0" timestamp="2022-02-22T17:45:39 IST" skipped="0">
  <testcase classname="doctors_FP.Add_ons" name="testApp" time="25.127"/>
  <system-out/>
</testsuite> <!-- doctors_FP.Add_ons -->
