<?xml version="1.0" encoding="UTF-8"?>
<!-- Generated by org.testng.reporters.JUnitReportReporter -->
<testsuite hostname="AnkitaChouhan" failures="0" tests="1" name="doctors_FP.InClinicappointmentCustomer" time="25.274" errors="0" timestamp="2022-06-15T16:22:22 IST" skipped="0">
  <testcase classname="doctors_FP.InClinicappointmentCustomer" name="testApp" time="25.274"/>
  <system-out/>
</testsuite> <!-- doctors_FP.InClinicappointmentCustomer -->
