<?xml version="1.0" encoding="UTF-8"?>
<!-- Generated by org.testng.reporters.JUnitReportReporter -->
<testsuite hostname="DESKTOP-95T42JG" failures="0" tests="1" name="doctors_FP.videoConsultation" time="33.669" errors="0" timestamp="2022-02-17T10:41:40 IST" skipped="0">
  <testcase classname="doctors_FP.videoConsultation" name="testApp" time="33.669"/>
  <system-out/>
</testsuite> <!-- doctors_FP.videoConsultation -->
