<?xml version="1.0" encoding="UTF-8"?>
<!-- Generated by org.testng.reporters.JUnitReportReporter -->
<testsuite hostname="DESKTOP-95T42JG" failures="0" tests="1" name="education_FP.ListTopper" time="42.904" errors="0" timestamp="2022-02-21T15:00:49 IST" skipped="0">
  <testcase classname="education_FP.ListTopper" name="testApp" time="42.904"/>
  <system-out/>
</testsuite> <!-- education_FP.ListTopper -->
