<?xml version="1.0" encoding="UTF-8"?>
<!-- Generated by org.testng.reporters.JUnitReportReporter -->
<testsuite hostname="DESKTOP-95T42JG" failures="0" tests="1" name="doctors_FP.Custom_Page" time="27.558" errors="0" timestamp="2022-03-03T12:23:29 IST" skipped="0">
  <testcase classname="doctors_FP.Custom_Page" name="testApp" time="27.558"/>
  <system-out/>
</testsuite> <!-- doctors_FP.Custom_Page -->
