<?xml version="1.0" encoding="UTF-8"?>
<!-- Generated by org.testng.reporters.JUnitReportReporter -->
<testsuite hostname="DESKTOP-95T42JG" failures="0" tests="1" name="doctors_FP.Marketplace" time="32.857" errors="0" timestamp="2022-02-28T20:02:04 IST" skipped="0">
  <testcase classname="doctors_FP.Marketplace" name="testApp" time="32.857"/>
  <system-out/>
</testsuite> <!-- doctors_FP.Marketplace -->
