<?xml version="1.0" encoding="UTF-8"?>
<!-- Generated by org.testng.reporters.JUnitReportReporter -->
<testsuite hostname="DESKTOP-95T42JG" failures="0" tests="1" name="com.nf.mobile.web.hybrid.resources.Login" time="27.428" errors="0" timestamp="2022-01-25T18:22:43 IST" skipped="0">
  <testcase classname="com.nf.mobile.web.hybrid.resources.Login" name="testApp" time="27.428"/>
  <system-out/>
</testsuite> <!-- com.nf.mobile.web.hybrid.resources.Login -->
