<?xml version="1.0" encoding="UTF-8"?>
<!-- Generated by org.testng.reporters.JUnitReportReporter -->
<testsuite hostname="DESKTOP-95T42JG" failures="0" tests="1" name="manufacturing_FP.Delete_Photo" time="26.285" errors="0" timestamp="2022-02-21T17:19:22 IST" skipped="0">
  <testcase classname="manufacturing_FP.Delete_Photo" name="testApp" time="26.285"/>
  <system-out/>
</testsuite> <!-- manufacturing_FP.Delete_Photo -->
