<?xml version="1.0" encoding="UTF-8"?>
<!-- Generated by org.testng.reporters.JUnitReportReporter -->
<testsuite hostname="DESKTOP-95T42JG" failures="0" tests="1" name="com.nf.mobile.web.hybrid.resources.Custom_Page" time="29.084" errors="0" timestamp="2022-02-09T13:18:47 IST" skipped="0">
  <testcase classname="com.nf.mobile.web.hybrid.resources.Custom_Page" name="testApp" time="29.084"/>
  <system-out/>
</testsuite> <!-- com.nf.mobile.web.hybrid.resources.Custom_Page -->
