<?xml version="1.0" encoding="UTF-8"?>
<!-- Generated by org.testng.reporters.JUnitReportReporter -->
<testsuite hostname="DESKTOP-95T42JG" failures="0" tests="1" name="doctors_FP.Testimonials_website" time="59.172" errors="0" timestamp="2022-03-07T18:45:43 IST" skipped="0">
  <testcase classname="doctors_FP.Testimonials_website" name="testApp" time="59.172"/>
  <system-out/>
</testsuite> <!-- doctors_FP.Testimonials_website -->
