<?xml version="1.0" encoding="UTF-8"?>
<!-- Generated by org.testng.reporters.JUnitReportReporter -->
<testsuite hostname="DESKTOP-95T42JG" failures="0" tests="1" name="com.nf.mobile.web.hybrid.resources.Custom_Page" time="25.350" errors="0" timestamp="2022-01-25T10:55:09 IST" skipped="0">
  <testcase classname="com.nf.mobile.web.hybrid.resources.Custom_Page" name="testApp" time="25.350"/>
  <system-out/>
</testsuite> <!-- com.nf.mobile.web.hybrid.resources.Custom_Page -->
