<?xml version="1.0" encoding="UTF-8"?>
<!-- Generated by org.testng.reporters.JUnitReportReporter -->
<testsuite hostname="AnkitaChouhan" failures="0" tests="1" name="doctors_FP.AppointmentWorthBusinessReport" time="30.702" errors="0" timestamp="2022-06-28T14:38:59 IST" skipped="0">
  <testcase classname="doctors_FP.AppointmentWorthBusinessReport" name="testApp" time="30.702"/>
  <system-out/>
</testsuite> <!-- doctors_FP.AppointmentWorthBusinessReport -->
