<?xml version="1.0" encoding="UTF-8"?>
<!-- Generated by org.testng.reporters.JUnitReportReporter -->
<testsuite hostname="DESKTOP-95T42JG" failures="0" tests="1" name="doctors_FP.Addpatienttestimonial" time="39.381" errors="0" timestamp="2022-03-03T14:51:20 IST" skipped="0">
  <testcase classname="doctors_FP.Addpatienttestimonial" name="testApp" time="39.381"/>
  <system-out/>
</testsuite> <!-- doctors_FP.Addpatienttestimonial -->
