<?xml version="1.0" encoding="UTF-8"?>
<!-- Generated by org.testng.reporters.JUnitReportReporter -->
<testsuite hostname="DESKTOP-95T42JG" failures="0" tests="1" name="doctors_FP.Inclinic_Appointment" time="34.145" errors="0" timestamp="2022-02-17T10:32:00 IST" skipped="0">
  <testcase classname="doctors_FP.Inclinic_Appointment" name="testApp" time="34.145"/>
  <system-out/>
</testsuite> <!-- doctors_FP.Inclinic_Appointment -->
