<?xml version="1.0" encoding="UTF-8"?>
<!-- Generated by org.testng.reporters.JUnitReportReporter -->
<testsuite hostname="DESKTOP-95T42JG" failures="0" tests="1" name="education_FP.ListFaculty" time="32.854" errors="0" timestamp="2022-02-21T17:03:55 IST" skipped="0">
  <testcase classname="education_FP.ListFaculty" name="testApp" time="32.854"/>
  <system-out/>
</testsuite> <!-- education_FP.ListFaculty -->
