<?xml version="1.0" encoding="UTF-8"?>
<!-- Generated by org.testng.reporters.JUnitReportReporter -->
<testsuite hostname="DESKTOP-95T42JG" failures="0" tests="1" name="doctors_FP.Post_New_Photo" time="39.799" errors="0" timestamp="2022-03-07T13:07:40 IST" skipped="0">
  <testcase classname="doctors_FP.Post_New_Photo" name="testApp" time="39.799"/>
  <system-out/>
</testsuite> <!-- doctors_FP.Post_New_Photo -->
