<?xml version="1.0" encoding="UTF-8"?>
<!-- Generated by org.testng.reporters.JUnitReportReporter -->
<testsuite hostname="DESKTOP-95T42JG" failures="0" tests="1" name="doctors_FP.Website" time="31.174" errors="0" timestamp="2022-03-02T17:09:01 IST" skipped="0">
  <testcase classname="doctors_FP.Website" name="testApp" time="31.174"/>
  <system-out/>
</testsuite> <!-- doctors_FP.Website -->
