<?xml version="1.0" encoding="UTF-8"?>
<!-- Generated by org.testng.reporters.JUnitReportReporter -->
<testsuite hostname="DESKTOP-95T42JG" failures="0" tests="1" name="education_FP.Login" time="25.702" errors="0" timestamp="2022-02-17T10:49:13 IST" skipped="0">
  <testcase classname="education_FP.Login" name="testApp" time="25.702"/>
  <system-out/>
</testsuite> <!-- education_FP.Login -->
