<?xml version="1.0" encoding="UTF-8"?>
<!-- Generated by org.testng.reporters.JUnitReportReporter -->
<testsuite hostname="DESKTOP-95T42JG" failures="0" tests="1" name="manufacturing_FP.Login" time="27.199" errors="0" timestamp="2022-02-21T17:16:46 IST" skipped="0">
  <testcase classname="manufacturing_FP.Login" name="testApp" time="27.199"/>
  <system-out/>
</testsuite> <!-- manufacturing_FP.Login -->
