<?xml version="1.0" encoding="UTF-8"?>
<!-- Generated by org.testng.reporters.JUnitReportReporter -->
<testsuite hostname="DESKTOP-95T42JG" failures="0" tests="1" name="com.nf.mobile.web.hybrid.resources.Post_New_Photo" time="34.626" errors="0" timestamp="2022-02-09T13:26:35 IST" skipped="0">
  <testcase classname="com.nf.mobile.web.hybrid.resources.Post_New_Photo" name="testApp" time="34.626"/>
  <system-out/>
</testsuite> <!-- com.nf.mobile.web.hybrid.resources.Post_New_Photo -->
