<?xml version="1.0" encoding="UTF-8"?>
<!-- Generated by org.testng.reporters.JUnitReportReporter -->
<testsuite hostname="DESKTOP-95T42JG" failures="0" tests="1" name="doctors_FP.AppointmentBookedBusinessReport" time="27.059" errors="0" timestamp="2022-02-28T19:32:50 IST" skipped="0">
  <testcase classname="doctors_FP.AppointmentBookedBusinessReport" name="testApp" time="27.059"/>
  <system-out/>
</testsuite> <!-- doctors_FP.AppointmentBookedBusinessReport -->
