<?xml version="1.0" encoding="UTF-8"?>
<!-- Generated by org.testng.reporters.JUnitReportReporter -->
<testsuite hostname="DESKTOP-95T42JG" failures="0" tests="1" name="education_FP.Post_today_update" time="30.969" errors="0" timestamp="2022-02-21T14:53:22 IST" skipped="0">
  <testcase classname="education_FP.Post_today_update" name="testApp" time="30.969"/>
  <system-out/>
</testsuite> <!-- education_FP.Post_today_update -->
