<?xml version="1.0" encoding="UTF-8"?>
<!-- Generated by org.testng.reporters.JUnitReportReporter -->
<testsuite hostname="DESKTOP-95T42JG" failures="0" tests="1" name="doctors_FP.AllVisit" time="29.463" errors="0" timestamp="2022-02-28T19:48:49 IST" skipped="0">
  <testcase classname="doctors_FP.AllVisit" name="testApp" time="29.463"/>
  <system-out/>
</testsuite> <!-- doctors_FP.AllVisit -->
