<?xml version="1.0" encoding="UTF-8"?>
<!-- Generated by org.testng.reporters.JUnitReportReporter -->
<testsuite hostname="DESKTOP-95T42JG" failures="0" tests="1" name="com.nf.mobile.web.hybrid.resources.Inclinic_Appointment" time="36.740" errors="0" timestamp="2022-01-25T12:15:14 IST" skipped="0">
  <testcase classname="com.nf.mobile.web.hybrid.resources.Inclinic_Appointment" name="testApp" time="36.740"/>
  <system-out/>
</testsuite> <!-- com.nf.mobile.web.hybrid.resources.Inclinic_Appointment -->
