<?xml version="1.0" encoding="UTF-8"?>
<!-- Generated by org.testng.reporters.JUnitReportReporter -->
<testsuite hostname="DESKTOP-95T42JG" failures="0" tests="1" name="clinics_FP.Post_today_update" time="28.773" errors="0" timestamp="2022-02-14T19:26:02 IST" skipped="0">
  <testcase classname="clinics_FP.Post_today_update" name="testApp" time="28.773"/>
  <system-out/>
</testsuite> <!-- clinics_FP.Post_today_update -->
