<?xml version="1.0" encoding="UTF-8"?>
<!-- Generated by org.testng.reporters.JUnitReportReporter -->
<testsuite hostname="DESKTOP-95T42JG" failures="0" tests="1" name="doctors_FP.PatientEnquiriesBusinessReport" time="25.971" errors="0" timestamp="2022-02-28T19:30:47 IST" skipped="0">
  <testcase classname="doctors_FP.PatientEnquiriesBusinessReport" name="testApp" time="25.971"/>
  <system-out/>
</testsuite> <!-- doctors_FP.PatientEnquiriesBusinessReport -->
