<?xml version="1.0" encoding="UTF-8"?>
<!-- Generated by org.testng.reporters.JUnitReportReporter -->
<testsuite hostname="DESKTOP-95T42JG" failures="0" tests="1" name="doctors_FP.Login" time="23.668" errors="0" timestamp="2022-02-21T18:31:33 IST" skipped="0">
  <testcase classname="doctors_FP.Login" name="testApp" time="23.668"/>
  <system-out/>
</testsuite> <!-- doctors_FP.Login -->
