<?xml version="1.0" encoding="UTF-8"?>
<!-- Generated by org.testng.reporters.JUnitReportReporter -->
<testsuite hostname="DESKTOP-95T42JG" failures="0" tests="1" name="clinics_FP.Login" time="26.181" errors="0" timestamp="2022-02-17T10:48:24 IST" skipped="0">
  <testcase classname="clinics_FP.Login" name="testApp" time="26.181"/>
  <system-out/>
</testsuite> <!-- clinics_FP.Login -->
