<?xml version="1.0" encoding="UTF-8"?>
<!-- Generated by org.testng.reporters.JUnitReportReporter -->
<testsuite hostname="DESKTOP-95T42JG" failures="0" tests="1" name="doctors_FP.Post_New_Photo" time="35.132" errors="0" timestamp="2022-02-17T10:32:55 IST" skipped="0">
  <testcase classname="doctors_FP.Post_New_Photo" name="testApp" time="35.132"/>
  <system-out/>
</testsuite> <!-- doctors_FP.Post_New_Photo -->
