<?xml version="1.0" encoding="UTF-8"?>
<!-- Generated by org.testng.reporters.JUnitReportReporter -->
<testsuite hostname="DESKTOP-95T42JG" failures="0" tests="1" name="doctors_FP.Custom_Page" time="31.206" errors="0" timestamp="2022-02-17T10:29:32 IST" skipped="0">
  <testcase classname="doctors_FP.Custom_Page" name="testApp" time="31.206"/>
  <system-out/>
</testsuite> <!-- doctors_FP.Custom_Page -->
