<?xml version="1.0" encoding="UTF-8"?>
<!-- Generated by org.testng.reporters.JUnitReportReporter -->
<testsuite hostname="DESKTOP-95T42JG" failures="0" tests="1" name="doctors_FP.AddressView" time="33.735" errors="0" timestamp="2022-02-28T19:54:35 IST" skipped="0">
  <testcase classname="doctors_FP.AddressView" name="testApp" time="33.735"/>
  <system-out/>
</testsuite> <!-- doctors_FP.AddressView -->
