<?xml version="1.0" encoding="UTF-8"?>
<!-- Generated by org.testng.reporters.JUnitReportReporter -->
<testsuite hostname="DESKTOP-95T42JG" failures="0" tests="1" name="doctors_FP.videoconsultationcustomer" time="26.187" errors="0" timestamp="2022-02-28T19:05:34 IST" skipped="0">
  <testcase classname="doctors_FP.videoconsultationcustomer" name="testApp" time="26.187"/>
  <system-out/>
</testsuite> <!-- doctors_FP.videoconsultationcustomer -->
